<?xml version="1.0" encoding="UTF-8"?>
<!-- Generated by org.testng.reporters.JUnitReportReporter -->
<testsuite hostname="DESKTOP-GOTHE6A" failures="0" tests="2" name="Academy.E2EProject.HomePage" time="16.464" errors="0" timestamp="15 May 2021 18:28:41 GMT">
  <testcase classname="Academy.E2EProject.HomePage" name="basePageNavigation" time="11.095"/>
  <testcase classname="Academy.E2EProject.HomePage" name="basePageNavigation" time="5.369"/>
</testsuite> <!-- Academy.E2EProject.HomePage -->
