<?xml version="1.0" encoding="UTF-8"?>
<!-- Generated by org.testng.reporters.JUnitReportReporter -->
<testsuite hostname="DESKTOP-GOTHE6A" failures="0" tests="1" name="Academy.E2EProject.ValidateTitlePage" time="9.474" errors="0" timestamp="15 May 2021 05:47:44 GMT">
  <testcase classname="Academy.E2EProject.ValidateTitlePage" name="validateTitle" time="9.474"/>
</testsuite> <!-- Academy.E2EProject.ValidateTitlePage -->
