<?xml version="1.0" encoding="UTF-8"?>
<!-- Generated by org.testng.reporters.JUnitReportReporter -->
<testsuite hostname="DESKTOP-GOTHE6A" failures="0" tests="1" name="Academy.E2EProject.ValidateNavigationBar" time="0.145" errors="0" timestamp="15 May 2021 18:28:41 GMT">
  <testcase classname="Academy.E2EProject.ValidateNavigationBar" name="validateNavigationBar" time="0.145"/>
</testsuite> <!-- Academy.E2EProject.ValidateNavigationBar -->
